<?xml version="1.0" encoding="utf-8"?><testsuites><testsuite name="pytest" errors="0" failures="0" skipped="0" tests="8" time="0.020" timestamp="2026-09-16T18:27:56.993437" hostname="8d1b4ce3a33f"><testcase classname="rby1_motion_planning.src.rby1_motion_planning.test.test_protocol" name="test_common_fixture" time="0.001" /><testcase classname="rby1_motion_planning.src.rby1_motion_planning.test.test_protocol" name="test_negative[{&quot;v&quot;:true,&quot;id&quot;:&quot;x&quot;,&quot;method&quot;:&quot;capabilities&quot;}-UNSUPPORTED_VERSION]" time="0.001" /><testcase classname="rby1_motion_planning.src.rby1_motion_planning.test.test_protocol" name="test_negative[{&quot;v&quot;:1,&quot;id&quot;:&quot;x&quot;,&quot;method&quot;:&quot;execute&quot;}-UNKNOWN_METHOD]" time="0.000" /><testcase classname="rby1_motion_planning.src.rby1_motion_planning.test.test_protocol" name="test_negative[{&quot;v&quot;:1,&quot;id&quot;:&quot;x&quot;,&quot;method&quot;:&quot;plan_to_pose&quot;,&quot;params&quot;:{&quot;deadline_s&quot;:NaN}}-INVALID_JSON]" time="0.001" /><testcase classname="rby1_motion_planning.src.rby1_motion_planning.test.test_protocol" name="test_negative[{&quot;v&quot;:1,&quot;id&quot;:&quot;x&quot;,&quot;method&quot;:&quot;plan_to_pose&quot;,&quot;params&quot;:{&quot;deadline_s&quot;:0}}-INVALID_DEADLINE]" time="0.000" /><testcase classname="rby1_motion_planning.src.rby1_motion_planning.test.test_protocol" name="test_negative[[]-INVALID_REQUEST]" time="0.000" /><testcase classname="rby1_motion_planning.src.rby1_motion_planning.test.test_protocol" name="test_negative[{-INVALID_JSON]" time="0.000" /><testcase classname="rby1_motion_planning.src.rby1_motion_planning.test.test_protocol" name="test_correlation_one_terminal_and_duplicate" time="0.000" /></testsuite></testsuites>